<?xml version="1.0" encoding="UTF-8"?>
<testng-results ignored="0" total="1" passed="1" failed="0" skipped="0">
  <reporter-output>
  </reporter-output>
  <suite started-at="2023-06-15T16:36:41 PDT" name="Default suite" finished-at="2023-06-15T16:37:03 PDT" duration-ms="21930">
    <groups>
    </groups>
    <test started-at="2023-06-15T16:36:41 PDT" name="Default test" finished-at="2023-06-15T16:37:03 PDT" duration-ms="21930">
      <class name="interviewActual.TestOne">
        <test-method signature="testcase1()[pri:0, instance:interviewActual.TestOne@5fbdfdcf]" started-at="2023-06-15T16:36:41 PDT" name="testcase1" finished-at="2023-06-15T16:37:03 PDT" duration-ms="21855" status="PASS">
          <reporter-output>
          </reporter-output>
        </test-method> <!-- testcase1 -->
      </class> <!-- interviewActual.TestOne -->
    </test> <!-- Default test -->
  </suite> <!-- Default suite -->
</testng-results>
