<?xml version="1.0" encoding="UTF-8"?>
<testng-results ignored="0" total="1" passed="1" failed="0" skipped="0">
  <reporter-output>
  </reporter-output>
  <suite started-at="2023-07-12T19:04:24 PDT" name="Default suite" finished-at="2023-07-12T19:04:29 PDT" duration-ms="5176">
    <groups>
    </groups>
    <test started-at="2023-07-12T19:04:24 PDT" name="Default test" finished-at="2023-07-12T19:04:29 PDT" duration-ms="5176">
      <class name="webinteraction.testcases.testcaseOne">
        <test-method is-config="true" signature="setup()[pri:0, instance:webinteraction.testcases.testcaseOne@2f058b8a]" started-at="2023-07-12T19:04:24 PDT" name="setup" finished-at="2023-07-12T19:04:27 PDT" duration-ms="2726" status="PASS">
          <reporter-output>
          </reporter-output>
        </test-method> <!-- setup -->
        <test-method signature="loginTest()[pri:0, instance:webinteraction.testcases.testcaseOne@2f058b8a]" started-at="2023-07-12T19:04:27 PDT" name="loginTest" finished-at="2023-07-12T19:04:29 PDT" duration-ms="2096" status="PASS">
          <reporter-output>
          </reporter-output>
        </test-method> <!-- loginTest -->
        <test-method is-config="true" signature="quit()[pri:0, instance:webinteraction.testcases.testcaseOne@2f058b8a]" started-at="2023-07-12T19:04:29 PDT" name="quit" finished-at="2023-07-12T19:04:29 PDT" duration-ms="314" status="PASS">
          <reporter-output>
          </reporter-output>
        </test-method> <!-- quit -->
      </class> <!-- webinteraction.testcases.testcaseOne -->
    </test> <!-- Default test -->
  </suite> <!-- Default suite -->
</testng-results>
